0 info it worked if it ends with ok
1 verbose cli [ 'node', '/usr/local/bin/npm', 'install', '-g', 'hexo-cli' ]
2 info using npm@1.4.3
3 info using node@v0.10.26
4 verbose cache add [ 'hexo-cli', null ]
5 verbose cache add name=undefined spec="hexo-cli" args=["hexo-cli",null]
6 verbose parsed url { protocol: null,
6 verbose parsed url   slashes: null,
6 verbose parsed url   auth: null,
6 verbose parsed url   host: null,
6 verbose parsed url   port: null,
6 verbose parsed url   hostname: null,
6 verbose parsed url   hash: null,
6 verbose parsed url   search: null,
6 verbose parsed url   query: null,
6 verbose parsed url   pathname: 'hexo-cli',
6 verbose parsed url   path: 'hexo-cli',
6 verbose parsed url   href: 'hexo-cli' }
7 silly lockFile 48f79efe-hexo-cli hexo-cli
8 verbose lock hexo-cli /Users/qizhang/.npm/48f79efe-hexo-cli.lock
9 silly lockFile 48f79efe-hexo-cli hexo-cli
10 silly lockFile 48f79efe-hexo-cli hexo-cli
11 verbose addNamed [ 'hexo-cli', '' ]
12 verbose addNamed [ null, '*' ]
13 silly lockFile f0acc666-hexo-cli hexo-cli@
14 verbose lock hexo-cli@ /Users/qizhang/.npm/f0acc666-hexo-cli.lock
15 silly addNameRange { name: 'hexo-cli', range: '*', hasData: false }
16 verbose url raw hexo-cli
17 verbose url resolving [ 'https://registry.npmjs.org/', './hexo-cli' ]
18 verbose url resolved https://registry.npmjs.org/hexo-cli
19 info trying registry request attempt 1 at 00:03:05
20 http GET https://registry.npmjs.org/hexo-cli
21 http 200 https://registry.npmjs.org/hexo-cli
22 silly registry.get cb [ 200,
22 silly registry.get   { server: 'CouchDB/1.5.0 (Erlang OTP/R16B03)',
22 silly registry.get     etag: '"1M0KPZKHMNL70ARIG9VM2F7WJ"',
22 silly registry.get     'content-type': 'application/json',
22 silly registry.get     'cache-control': 'max-age=60',
22 silly registry.get     'content-length': '17375',
22 silly registry.get     'accept-ranges': 'bytes',
22 silly registry.get     date: 'Thu, 10 Dec 2015 16:03:08 GMT',
22 silly registry.get     via: '1.1 varnish',
22 silly registry.get     age: '0',
22 silly registry.get     connection: 'keep-alive',
22 silly registry.get     'x-served-by': 'cache-itm7426-ITM',
22 silly registry.get     'x-cache': 'HIT',
22 silly registry.get     'x-cache-hits': '1',
22 silly registry.get     'x-timer': 'S1449763386.011556,VS0,VE2410',
22 silly registry.get     vary: 'Accept' } ]
23 silly addNameRange number 2 { name: 'hexo-cli', range: '*', hasData: true }
24 silly addNameRange versions [ 'hexo-cli',
24 silly addNameRange   [ '0.0.1',
24 silly addNameRange     '0.1.0',
24 silly addNameRange     '0.1.1',
24 silly addNameRange     '0.1.2',
24 silly addNameRange     '0.1.3',
24 silly addNameRange     '0.1.4',
24 silly addNameRange     '0.1.5',
24 silly addNameRange     '0.1.6',
24 silly addNameRange     '0.1.7',
24 silly addNameRange     '0.1.8',
24 silly addNameRange     '0.1.9' ] ]
25 verbose addNamed [ 'hexo-cli', '0.1.9' ]
26 verbose addNamed [ '0.1.9', '0.1.9' ]
27 silly lockFile a95f6ebf-hexo-cli-0-1-9 hexo-cli@0.1.9
28 verbose lock hexo-cli@0.1.9 /Users/qizhang/.npm/a95f6ebf-hexo-cli-0-1-9.lock
29 silly lockFile d46061f4--org-hexo-cli-hexo-cli-0-1-9-tgz https://registry.npmjs.org/hexo-cli/-/hexo-cli-0.1.9.tgz
30 verbose lock https://registry.npmjs.org/hexo-cli/-/hexo-cli-0.1.9.tgz /Users/qizhang/.npm/d46061f4--org-hexo-cli-hexo-cli-0-1-9-tgz.lock
31 verbose addRemoteTarball [ 'https://registry.npmjs.org/hexo-cli/-/hexo-cli-0.1.9.tgz',
31 verbose addRemoteTarball   '1ae0a0abb29810e6f9a59d0c7000d4ff53e93761' ]
32 info retry fetch attempt 1 at 00:03:08
33 verbose fetch to= /var/folders/7x/yghqvs1j4y92f6tvb_6g82nw0000gn/T/npm-5476-zAMz48AZ/1449763388788-0.5635547027923167/tmp.tgz
34 http GET https://registry.npmjs.org/hexo-cli/-/hexo-cli-0.1.9.tgz
35 http 200 https://registry.npmjs.org/hexo-cli/-/hexo-cli-0.1.9.tgz
36 verbose tar unpack /var/folders/7x/yghqvs1j4y92f6tvb_6g82nw0000gn/T/npm-5476-zAMz48AZ/1449763388788-0.5635547027923167/tmp.tgz
37 silly lockFile 98e6ac72-88788-0-5635547027923167-package tar:///var/folders/7x/yghqvs1j4y92f6tvb_6g82nw0000gn/T/npm-5476-zAMz48AZ/1449763388788-0.5635547027923167/package
38 verbose lock tar:///var/folders/7x/yghqvs1j4y92f6tvb_6g82nw0000gn/T/npm-5476-zAMz48AZ/1449763388788-0.5635547027923167/package /Users/qizhang/.npm/98e6ac72-88788-0-5635547027923167-package.lock
39 silly lockFile b02f0fdf-88788-0-5635547027923167-tmp-tgz tar:///var/folders/7x/yghqvs1j4y92f6tvb_6g82nw0000gn/T/npm-5476-zAMz48AZ/1449763388788-0.5635547027923167/tmp.tgz
40 verbose lock tar:///var/folders/7x/yghqvs1j4y92f6tvb_6g82nw0000gn/T/npm-5476-zAMz48AZ/1449763388788-0.5635547027923167/tmp.tgz /Users/qizhang/.npm/b02f0fdf-88788-0-5635547027923167-tmp-tgz.lock
41 silly gunzTarPerm modes [ '755', '644' ]
42 silly gunzTarPerm extractEntry package.json
43 silly gunzTarPerm extractEntry .npmignore
44 silly gunzTarPerm extractEntry README.md
45 silly gunzTarPerm extractEntry LICENSE
46 silly gunzTarPerm extractEntry .gitmodules
47 silly gunzTarPerm extractEntry .jscsrc
48 silly gunzTarPerm extractEntry .eslintrc
49 silly gunzTarPerm extractEntry .eslintignore
50 silly gunzTarPerm extractEntry assets/package.json
51 silly gunzTarPerm extractEntry assets/_config.yml
52 silly gunzTarPerm extractEntry assets/gitignore
53 silly gunzTarPerm extractEntry assets/scaffolds/draft.md
54 silly gunzTarPerm extractEntry assets/scaffolds/page.md
55 silly gunzTarPerm extractEntry assets/scaffolds/post.md
56 silly gunzTarPerm extractEntry assets/source/_posts/hello-world.md
57 silly gunzTarPerm extractEntry assets/themes/landscape/package.json
58 silly gunzTarPerm extractEntry assets/themes/landscape/.npmignore
59 silly gunzTarPerm extractEntry assets/themes/landscape/README.md
60 silly gunzTarPerm extractEntry assets/themes/landscape/LICENSE
61 silly gunzTarPerm extractEntry assets/themes/landscape/Gruntfile.js
62 silly gunzTarPerm extractEntry assets/themes/landscape/_config.yml
63 silly gunzTarPerm extractEntry assets/themes/landscape/layout/_partial/google-analytics.ejs
64 silly gunzTarPerm extractEntry assets/themes/landscape/layout/_partial/after-footer.ejs
65 silly gunzTarPerm extractEntry assets/themes/landscape/layout/_partial/archive.ejs
66 silly gunzTarPerm extractEntry assets/themes/landscape/layout/_partial/article.ejs
67 silly gunzTarPerm extractEntry assets/themes/landscape/layout/_partial/footer.ejs
68 silly gunzTarPerm extractEntry assets/themes/landscape/layout/_partial/archive-post.ejs
69 silly gunzTarPerm extractEntry assets/themes/landscape/layout/_partial/head.ejs
70 silly gunzTarPerm extractEntry assets/themes/landscape/layout/_partial/header.ejs
71 silly gunzTarPerm extractEntry assets/themes/landscape/layout/_partial/mobile-nav.ejs
72 silly gunzTarPerm extractEntry assets/themes/landscape/layout/_partial/post/category.ejs
73 silly gunzTarPerm extractEntry assets/themes/landscape/layout/_partial/post/date.ejs
74 silly gunzTarPerm extractEntry assets/themes/landscape/layout/_partial/post/gallery.ejs
75 silly gunzTarPerm extractEntry assets/themes/landscape/layout/_partial/post/nav.ejs
76 silly gunzTarPerm extractEntry assets/themes/landscape/layout/_partial/post/tag.ejs
77 silly gunzTarPerm extractEntry assets/themes/landscape/layout/_partial/post/title.ejs
78 silly gunzTarPerm extractEntry assets/themes/landscape/layout/_partial/sidebar.ejs
79 silly gunzTarPerm extractEntry assets/themes/landscape/layout/_widget/archive.ejs
80 silly gunzTarPerm extractEntry assets/themes/landscape/layout/_widget/category.ejs
81 silly gunzTarPerm extractEntry assets/themes/landscape/layout/_widget/recent_posts.ejs
82 silly gunzTarPerm extractEntry assets/themes/landscape/layout/_widget/tag.ejs
83 silly gunzTarPerm extractEntry assets/themes/landscape/layout/_widget/tagcloud.ejs
84 silly gunzTarPerm extractEntry assets/themes/landscape/layout/archive.ejs
85 silly gunzTarPerm extractEntry assets/themes/landscape/layout/category.ejs
86 silly gunzTarPerm extractEntry assets/themes/landscape/layout/index.ejs
87 silly gunzTarPerm extractEntry assets/themes/landscape/layout/layout.ejs
88 silly gunzTarPerm extractEntry assets/themes/landscape/layout/page.ejs
89 silly gunzTarPerm extractEntry assets/themes/landscape/layout/post.ejs
90 silly gunzTarPerm extractEntry assets/themes/landscape/layout/tag.ejs
91 silly gunzTarPerm extractEntry assets/themes/landscape/scripts/fancybox.js
92 silly gunzTarPerm extractEntry assets/themes/landscape/source/css/_extend.styl
93 silly gunzTarPerm extractEntry assets/themes/landscape/source/css/_partial/archive.styl
94 silly gunzTarPerm extractEntry assets/themes/landscape/source/css/_partial/article.styl
95 silly gunzTarPerm extractEntry assets/themes/landscape/source/css/_partial/comment.styl
96 silly gunzTarPerm extractEntry assets/themes/landscape/source/css/_partial/footer.styl
97 silly gunzTarPerm extractEntry assets/themes/landscape/source/css/_partial/header.styl
98 silly gunzTarPerm extractEntry assets/themes/landscape/source/css/_partial/highlight.styl
99 silly gunzTarPerm extractEntry assets/themes/landscape/source/css/_partial/mobile.styl
100 silly gunzTarPerm extractEntry assets/themes/landscape/source/css/_partial/sidebar-aside.styl
101 silly gunzTarPerm extractEntry assets/themes/landscape/source/css/_partial/sidebar-bottom.styl
102 silly gunzTarPerm extractEntry assets/themes/landscape/source/css/_partial/sidebar.styl
103 silly gunzTarPerm extractEntry assets/themes/landscape/source/css/_util/grid.styl
104 silly gunzTarPerm extractEntry assets/themes/landscape/source/css/_util/mixin.styl
105 silly gunzTarPerm extractEntry assets/themes/landscape/source/css/_variables.styl
106 silly gunzTarPerm extractEntry assets/themes/landscape/source/css/fonts/FontAwesome.otf
107 silly gunzTarPerm extractEntry assets/themes/landscape/source/css/fonts/fontawesome-webfont.eot
108 silly gunzTarPerm extractEntry assets/themes/landscape/source/css/fonts/fontawesome-webfont.svg
109 silly gunzTarPerm extractEntry assets/themes/landscape/source/css/fonts/fontawesome-webfont.ttf
110 silly gunzTarPerm extractEntry assets/themes/landscape/source/css/fonts/fontawesome-webfont.woff
111 silly gunzTarPerm extractEntry assets/themes/landscape/source/css/images/banner.jpg
112 silly gunzTarPerm extractEntry assets/themes/landscape/source/css/style.styl
113 silly gunzTarPerm extractEntry assets/themes/landscape/source/fancybox/jquery.fancybox.js
114 silly gunzTarPerm extractEntry assets/themes/landscape/source/fancybox/jquery.fancybox.pack.js
115 silly gunzTarPerm extractEntry assets/themes/landscape/source/fancybox/blank.gif
116 silly gunzTarPerm extractEntry assets/themes/landscape/source/fancybox/fancybox_loading.gif
117 silly gunzTarPerm extractEntry assets/themes/landscape/source/fancybox/fancybox_loading@2x.gif
118 silly gunzTarPerm extractEntry assets/themes/landscape/source/fancybox/fancybox_overlay.png
119 silly gunzTarPerm extractEntry assets/themes/landscape/source/fancybox/fancybox_sprite.png
120 silly gunzTarPerm extractEntry assets/themes/landscape/source/fancybox/fancybox_sprite@2x.png
121 silly gunzTarPerm extractEntry assets/themes/landscape/source/fancybox/helpers/jquery.fancybox-buttons.js
122 silly gunzTarPerm extractEntry assets/themes/landscape/source/fancybox/helpers/jquery.fancybox-media.js
123 silly gunzTarPerm extractEntry assets/themes/landscape/source/fancybox/helpers/jquery.fancybox-thumbs.js
124 silly gunzTarPerm extractEntry assets/themes/landscape/source/fancybox/helpers/fancybox_buttons.png
125 silly gunzTarPerm extractEntry assets/themes/landscape/source/fancybox/helpers/jquery.fancybox-buttons.css
126 silly gunzTarPerm extractEntry assets/themes/landscape/source/fancybox/helpers/jquery.fancybox-thumbs.css
127 silly gunzTarPerm extractEntry assets/themes/landscape/source/fancybox/jquery.fancybox.css
128 silly gunzTarPerm extractEntry assets/themes/landscape/source/js/script.js
129 silly gunzTarPerm extractEntry bin/hexo
130 silly gunzTarPerm extractEntry lib/find_pkg.js
131 silly gunzTarPerm extractEntry lib/goodbye.js
132 silly gunzTarPerm extractEntry lib/index.js
133 silly gunzTarPerm extractEntry lib/logger.js
134 silly gunzTarPerm extractEntry lib/console/help.js
135 silly gunzTarPerm extractEntry lib/console/index.js
136 silly gunzTarPerm extractEntry lib/console/init.js
137 silly gunzTarPerm extractEntry lib/console/version.js
138 silly lockFile 98e6ac72-88788-0-5635547027923167-package tar:///var/folders/7x/yghqvs1j4y92f6tvb_6g82nw0000gn/T/npm-5476-zAMz48AZ/1449763388788-0.5635547027923167/package
139 silly lockFile 98e6ac72-88788-0-5635547027923167-package tar:///var/folders/7x/yghqvs1j4y92f6tvb_6g82nw0000gn/T/npm-5476-zAMz48AZ/1449763388788-0.5635547027923167/package
140 silly lockFile b02f0fdf-88788-0-5635547027923167-tmp-tgz tar:///var/folders/7x/yghqvs1j4y92f6tvb_6g82nw0000gn/T/npm-5476-zAMz48AZ/1449763388788-0.5635547027923167/tmp.tgz
141 silly lockFile b02f0fdf-88788-0-5635547027923167-tmp-tgz tar:///var/folders/7x/yghqvs1j4y92f6tvb_6g82nw0000gn/T/npm-5476-zAMz48AZ/1449763388788-0.5635547027923167/tmp.tgz
142 verbose tar pack [ '/Users/qizhang/.npm/hexo-cli/0.1.9/package.tgz',
142 verbose tar pack   '/var/folders/7x/yghqvs1j4y92f6tvb_6g82nw0000gn/T/npm-5476-zAMz48AZ/1449763388788-0.5635547027923167/package' ]
143 verbose tarball /Users/qizhang/.npm/hexo-cli/0.1.9/package.tgz
144 verbose folder /var/folders/7x/yghqvs1j4y92f6tvb_6g82nw0000gn/T/npm-5476-zAMz48AZ/1449763388788-0.5635547027923167/package
145 silly lockFile 98e6ac72-88788-0-5635547027923167-package tar:///var/folders/7x/yghqvs1j4y92f6tvb_6g82nw0000gn/T/npm-5476-zAMz48AZ/1449763388788-0.5635547027923167/package
146 verbose lock tar:///var/folders/7x/yghqvs1j4y92f6tvb_6g82nw0000gn/T/npm-5476-zAMz48AZ/1449763388788-0.5635547027923167/package /Users/qizhang/.npm/98e6ac72-88788-0-5635547027923167-package.lock
147 silly lockFile d05d791f-g-npm-hexo-cli-0-1-9-package-tgz tar:///Users/qizhang/.npm/hexo-cli/0.1.9/package.tgz
148 verbose lock tar:///Users/qizhang/.npm/hexo-cli/0.1.9/package.tgz /Users/qizhang/.npm/d05d791f-g-npm-hexo-cli-0-1-9-package-tgz.lock
149 silly lockFile 98e6ac72-88788-0-5635547027923167-package tar:///var/folders/7x/yghqvs1j4y92f6tvb_6g82nw0000gn/T/npm-5476-zAMz48AZ/1449763388788-0.5635547027923167/package
150 silly lockFile 98e6ac72-88788-0-5635547027923167-package tar:///var/folders/7x/yghqvs1j4y92f6tvb_6g82nw0000gn/T/npm-5476-zAMz48AZ/1449763388788-0.5635547027923167/package
151 silly lockFile d05d791f-g-npm-hexo-cli-0-1-9-package-tgz tar:///Users/qizhang/.npm/hexo-cli/0.1.9/package.tgz
152 silly lockFile d05d791f-g-npm-hexo-cli-0-1-9-package-tgz tar:///Users/qizhang/.npm/hexo-cli/0.1.9/package.tgz
153 silly lockFile cfb65c5e-zhang-npm-hexo-cli-0-1-9-package /Users/qizhang/.npm/hexo-cli/0.1.9/package
154 verbose lock /Users/qizhang/.npm/hexo-cli/0.1.9/package /Users/qizhang/.npm/cfb65c5e-zhang-npm-hexo-cli-0-1-9-package.lock
155 silly lockFile cfb65c5e-zhang-npm-hexo-cli-0-1-9-package /Users/qizhang/.npm/hexo-cli/0.1.9/package
156 silly lockFile cfb65c5e-zhang-npm-hexo-cli-0-1-9-package /Users/qizhang/.npm/hexo-cli/0.1.9/package
157 verbose tar unpack /Users/qizhang/.npm/hexo-cli/0.1.9/package.tgz
158 silly lockFile e03e3752-zhang-npm-hexo-cli-0-1-9-package tar:///Users/qizhang/.npm/hexo-cli/0.1.9/package
159 verbose lock tar:///Users/qizhang/.npm/hexo-cli/0.1.9/package /Users/qizhang/.npm/e03e3752-zhang-npm-hexo-cli-0-1-9-package.lock
160 silly lockFile d05d791f-g-npm-hexo-cli-0-1-9-package-tgz tar:///Users/qizhang/.npm/hexo-cli/0.1.9/package.tgz
161 verbose lock tar:///Users/qizhang/.npm/hexo-cli/0.1.9/package.tgz /Users/qizhang/.npm/d05d791f-g-npm-hexo-cli-0-1-9-package-tgz.lock
162 silly gunzTarPerm modes [ '755', '644' ]
163 silly gunzTarPerm extractEntry package.json
164 silly gunzTarPerm extractEntry .npmignore
165 silly gunzTarPerm extractEntry README.md
166 silly gunzTarPerm extractEntry LICENSE
167 silly gunzTarPerm extractEntry .jscsrc
168 silly gunzTarPerm extractEntry .eslintrc
169 silly gunzTarPerm extractEntry .gitmodules
170 silly gunzTarPerm extractEntry assets/package.json
171 silly gunzTarPerm extractEntry assets/_config.yml
172 silly gunzTarPerm extractEntry assets/gitignore
173 silly gunzTarPerm extractEntry assets/scaffolds/draft.md
174 silly gunzTarPerm extractEntry assets/scaffolds/page.md
175 silly gunzTarPerm extractEntry assets/scaffolds/post.md
176 silly gunzTarPerm extractEntry assets/source/_posts/hello-world.md
177 silly gunzTarPerm extractEntry assets/themes/landscape/package.json
178 silly gunzTarPerm extractEntry assets/themes/landscape/.npmignore
179 silly gunzTarPerm extractEntry assets/themes/landscape/README.md
180 silly gunzTarPerm extractEntry assets/themes/landscape/LICENSE
181 silly gunzTarPerm extractEntry assets/themes/landscape/Gruntfile.js
182 silly gunzTarPerm extractEntry assets/themes/landscape/_config.yml
183 silly gunzTarPerm extractEntry assets/themes/landscape/layout/_partial/google-analytics.ejs
184 silly gunzTarPerm extractEntry assets/themes/landscape/layout/_partial/after-footer.ejs
185 silly gunzTarPerm extractEntry assets/themes/landscape/layout/_partial/archive.ejs
186 silly gunzTarPerm extractEntry assets/themes/landscape/layout/_partial/article.ejs
187 silly gunzTarPerm extractEntry assets/themes/landscape/layout/_partial/footer.ejs
188 silly gunzTarPerm extractEntry assets/themes/landscape/layout/_partial/archive-post.ejs
189 silly gunzTarPerm extractEntry assets/themes/landscape/layout/_partial/head.ejs
190 silly gunzTarPerm extractEntry assets/themes/landscape/layout/_partial/header.ejs
191 silly gunzTarPerm extractEntry assets/themes/landscape/layout/_partial/mobile-nav.ejs
192 silly gunzTarPerm extractEntry assets/themes/landscape/layout/_partial/post/category.ejs
193 silly gunzTarPerm extractEntry assets/themes/landscape/layout/_partial/post/date.ejs
194 silly gunzTarPerm extractEntry assets/themes/landscape/layout/_partial/post/gallery.ejs
195 silly gunzTarPerm extractEntry assets/themes/landscape/layout/_partial/post/nav.ejs
196 silly gunzTarPerm extractEntry assets/themes/landscape/layout/_partial/post/tag.ejs
197 silly gunzTarPerm extractEntry assets/themes/landscape/layout/_partial/post/title.ejs
198 silly gunzTarPerm extractEntry assets/themes/landscape/layout/_partial/sidebar.ejs
199 silly gunzTarPerm extractEntry assets/themes/landscape/layout/_widget/archive.ejs
200 silly gunzTarPerm extractEntry assets/themes/landscape/layout/_widget/category.ejs
201 silly gunzTarPerm extractEntry assets/themes/landscape/layout/_widget/recent_posts.ejs
202 silly gunzTarPerm extractEntry assets/themes/landscape/layout/_widget/tag.ejs
203 silly gunzTarPerm extractEntry assets/themes/landscape/layout/_widget/tagcloud.ejs
204 silly gunzTarPerm extractEntry assets/themes/landscape/layout/archive.ejs
205 silly gunzTarPerm extractEntry assets/themes/landscape/layout/category.ejs
206 silly gunzTarPerm extractEntry assets/themes/landscape/layout/index.ejs
207 silly gunzTarPerm extractEntry assets/themes/landscape/layout/layout.ejs
208 silly gunzTarPerm extractEntry assets/themes/landscape/layout/page.ejs
209 silly gunzTarPerm extractEntry assets/themes/landscape/layout/post.ejs
210 silly gunzTarPerm extractEntry assets/themes/landscape/layout/tag.ejs
211 silly gunzTarPerm extractEntry assets/themes/landscape/scripts/fancybox.js
212 silly gunzTarPerm extractEntry assets/themes/landscape/source/css/_extend.styl
213 silly gunzTarPerm extractEntry assets/themes/landscape/source/css/_partial/archive.styl
214 silly gunzTarPerm extractEntry assets/themes/landscape/source/css/_partial/article.styl
215 silly gunzTarPerm extractEntry assets/themes/landscape/source/css/_partial/comment.styl
216 silly gunzTarPerm extractEntry assets/themes/landscape/source/css/_partial/footer.styl
217 silly gunzTarPerm extractEntry assets/themes/landscape/source/css/_partial/header.styl
218 silly gunzTarPerm extractEntry assets/themes/landscape/source/css/_partial/highlight.styl
219 silly gunzTarPerm extractEntry assets/themes/landscape/source/css/_partial/mobile.styl
220 silly gunzTarPerm extractEntry assets/themes/landscape/source/css/_partial/sidebar-aside.styl
221 silly gunzTarPerm extractEntry assets/themes/landscape/source/css/_partial/sidebar-bottom.styl
222 silly gunzTarPerm extractEntry assets/themes/landscape/source/css/_partial/sidebar.styl
223 silly gunzTarPerm extractEntry assets/themes/landscape/source/css/_util/grid.styl
224 silly gunzTarPerm extractEntry assets/themes/landscape/source/css/_util/mixin.styl
225 silly gunzTarPerm extractEntry assets/themes/landscape/source/css/_variables.styl
226 silly gunzTarPerm extractEntry assets/themes/landscape/source/css/fonts/FontAwesome.otf
227 silly gunzTarPerm extractEntry assets/themes/landscape/source/css/fonts/fontawesome-webfont.eot
228 silly gunzTarPerm extractEntry assets/themes/landscape/source/css/fonts/fontawesome-webfont.svg
229 silly gunzTarPerm extractEntry assets/themes/landscape/source/css/fonts/fontawesome-webfont.ttf
230 silly gunzTarPerm extractEntry assets/themes/landscape/source/css/fonts/fontawesome-webfont.woff
231 silly gunzTarPerm extractEntry assets/themes/landscape/source/css/images/banner.jpg
232 silly gunzTarPerm extractEntry assets/themes/landscape/source/css/style.styl
233 silly gunzTarPerm extractEntry assets/themes/landscape/source/fancybox/jquery.fancybox.js
234 silly gunzTarPerm extractEntry assets/themes/landscape/source/fancybox/jquery.fancybox.pack.js
235 silly gunzTarPerm extractEntry assets/themes/landscape/source/fancybox/blank.gif
236 silly gunzTarPerm extractEntry assets/themes/landscape/source/fancybox/fancybox_loading.gif
237 silly gunzTarPerm extractEntry assets/themes/landscape/source/fancybox/fancybox_loading@2x.gif
238 silly gunzTarPerm extractEntry assets/themes/landscape/source/fancybox/fancybox_overlay.png
239 silly gunzTarPerm extractEntry assets/themes/landscape/source/fancybox/fancybox_sprite.png
240 silly gunzTarPerm extractEntry assets/themes/landscape/source/fancybox/fancybox_sprite@2x.png
241 silly gunzTarPerm extractEntry assets/themes/landscape/source/fancybox/helpers/jquery.fancybox-buttons.js
242 silly gunzTarPerm extractEntry assets/themes/landscape/source/fancybox/helpers/jquery.fancybox-media.js
243 silly gunzTarPerm extractEntry assets/themes/landscape/source/fancybox/helpers/jquery.fancybox-thumbs.js
244 silly gunzTarPerm extractEntry assets/themes/landscape/source/fancybox/helpers/fancybox_buttons.png
245 silly gunzTarPerm extractEntry assets/themes/landscape/source/fancybox/helpers/jquery.fancybox-buttons.css
246 silly gunzTarPerm extractEntry assets/themes/landscape/source/fancybox/helpers/jquery.fancybox-thumbs.css
247 silly gunzTarPerm extractEntry assets/themes/landscape/source/fancybox/jquery.fancybox.css
248 silly gunzTarPerm extractEntry assets/themes/landscape/source/js/script.js
249 silly gunzTarPerm extractEntry bin/hexo
250 silly gunzTarPerm extractEntry lib/find_pkg.js
251 silly gunzTarPerm extractEntry lib/goodbye.js
252 silly gunzTarPerm extractEntry lib/index.js
253 silly gunzTarPerm extractEntry lib/logger.js
254 silly gunzTarPerm extractEntry lib/console/help.js
255 silly gunzTarPerm extractEntry lib/console/index.js
256 silly gunzTarPerm extractEntry lib/console/init.js
257 silly gunzTarPerm extractEntry lib/console/version.js
258 silly gunzTarPerm extractEntry .eslintignore
259 silly lockFile e03e3752-zhang-npm-hexo-cli-0-1-9-package tar:///Users/qizhang/.npm/hexo-cli/0.1.9/package
260 silly lockFile e03e3752-zhang-npm-hexo-cli-0-1-9-package tar:///Users/qizhang/.npm/hexo-cli/0.1.9/package
261 silly lockFile d05d791f-g-npm-hexo-cli-0-1-9-package-tgz tar:///Users/qizhang/.npm/hexo-cli/0.1.9/package.tgz
262 silly lockFile d05d791f-g-npm-hexo-cli-0-1-9-package-tgz tar:///Users/qizhang/.npm/hexo-cli/0.1.9/package.tgz
263 verbose chmod /Users/qizhang/.npm/hexo-cli/0.1.9/package.tgz 644
264 verbose chown /Users/qizhang/.npm/hexo-cli/0.1.9/package.tgz [ 501, 20 ]
265 silly lockFile d46061f4--org-hexo-cli-hexo-cli-0-1-9-tgz https://registry.npmjs.org/hexo-cli/-/hexo-cli-0.1.9.tgz
266 silly lockFile d46061f4--org-hexo-cli-hexo-cli-0-1-9-tgz https://registry.npmjs.org/hexo-cli/-/hexo-cli-0.1.9.tgz
267 silly lockFile a95f6ebf-hexo-cli-0-1-9 hexo-cli@0.1.9
268 silly lockFile a95f6ebf-hexo-cli-0-1-9 hexo-cli@0.1.9
269 silly lockFile f0acc666-hexo-cli hexo-cli@
270 silly lockFile f0acc666-hexo-cli hexo-cli@
271 silly resolved [ { name: 'hexo-cli',
271 silly resolved     version: '0.1.9',
271 silly resolved     description: 'Command line interface for Hexo',
271 silly resolved     main: 'lib/index',
271 silly resolved     bin: { hexo: './bin/hexo' },
271 silly resolved     scripts:
271 silly resolved      { eslint: 'eslint .',
271 silly resolved        jscs: 'jscs .',
271 silly resolved        test: 'mocha test/index.js',
271 silly resolved        'test-cov': 'istanbul cover --print both _mocha -- test/index.js' },
271 silly resolved     directories: { lib: './lib', bin: './bin' },
271 silly resolved     engines: { node: '>= 0.10.0' },
271 silly resolved     repository: { type: 'git', url: 'git://github.com/hexojs/hexo-cli' },
271 silly resolved     homepage: 'http://hexo.io/',
271 silly resolved     keywords: [ 'website', 'blog', 'cms', 'framework', 'hexo', 'cli' ],
271 silly resolved     author:
271 silly resolved      { name: 'Tommy Chen',
271 silly resolved        email: 'tommy351@gmail.com',
271 silly resolved        url: 'http://zespia.tw' },
271 silly resolved     license: 'MIT',
271 silly resolved     dependencies:
271 silly resolved      { abbrev: '^1.0.7',
271 silly resolved        bluebird: '^3.0.5',
271 silly resolved        chalk: '^1.1.1',
271 silly resolved        'hexo-fs': '^0.1.4',
271 silly resolved        minimist: '^1.2.0',
271 silly resolved        tildify: '^1.1.2' },
271 silly resolved     devDependencies:
271 silly resolved      { chai: '^3.4.0',
271 silly resolved        eslint: '^1.8.0',
271 silly resolved        'hexo-renderer-marked': '^0.2.5',
271 silly resolved        istanbul: '^0.4.0',
271 silly resolved        jscs: '^2.5.0',
271 silly resolved        mocha: '^2.3.3',
271 silly resolved        sinon: '^1.17.2' },
271 silly resolved     readme: '# hexo-cli\n\n[![Build Status](https://travis-ci.org/hexojs/hexo-cli.svg?branch=master)](https://travis-ci.org/hexojs/hexo-cli)  [![NPM version](https://badge.fury.io/js/hexo-cli.svg)](http://badge.fury.io/js/hexo-cli) [![Coverage Status](https://coveralls.io/repos/hexojs/hexo-cli/badge.svg?branch=master)](https://coveralls.io/r/hexojs/hexo-cli?branch=master) [![Build status](https://ci.appveyor.com/api/projects/status/aa44wp75752x1t47/branch/master?svg=true)](https://ci.appveyor.com/project/tommy351/hexo-cli/branch/master)\n\nCommand line interface for Hexo.\n\n## Installation\n\n``` bash\n$ npm install hexo-cli -g\n```\n\n## License\n\nMIT',
271 silly resolved     readmeFilename: 'README.md',
271 silly resolved     bugs: { url: 'https://github.com/hexojs/hexo-cli/issues' },
271 silly resolved     _id: 'hexo-cli@0.1.9',
271 silly resolved     dist: { shasum: 'e2812580969ceac0e68d53d6845dd74da0d8af42' },
271 silly resolved     _from: 'hexo-cli@',
271 silly resolved     _resolved: 'https://registry.npmjs.org/hexo-cli/-/hexo-cli-0.1.9.tgz' } ]
272 info install hexo-cli@0.1.9 into /usr/local/lib
273 info installOne hexo-cli@0.1.9
274 info /usr/local/lib/node_modules/hexo-cli unbuild
275 verbose tar unpack /Users/qizhang/.npm/hexo-cli/0.1.9/package.tgz
276 silly lockFile 66c81d99--local-lib-node-modules-hexo-cli tar:///usr/local/lib/node_modules/hexo-cli
277 verbose lock tar:///usr/local/lib/node_modules/hexo-cli /Users/qizhang/.npm/66c81d99--local-lib-node-modules-hexo-cli.lock
278 silly lockFile d05d791f-g-npm-hexo-cli-0-1-9-package-tgz tar:///Users/qizhang/.npm/hexo-cli/0.1.9/package.tgz
279 verbose lock tar:///Users/qizhang/.npm/hexo-cli/0.1.9/package.tgz /Users/qizhang/.npm/d05d791f-g-npm-hexo-cli-0-1-9-package-tgz.lock
280 silly gunzTarPerm modes [ '755', '644' ]
281 error Error: EACCES, mkdir '/usr/local/lib/node_modules/hexo-cli'
281 error  { [Error: EACCES, mkdir '/usr/local/lib/node_modules/hexo-cli']
281 error   errno: 3,
281 error   code: 'EACCES',
281 error   path: '/usr/local/lib/node_modules/hexo-cli',
281 error   fstream_type: 'Directory',
281 error   fstream_path: '/usr/local/lib/node_modules/hexo-cli',
281 error   fstream_class: 'DirWriter',
281 error   fstream_stack:
281 error    [ '/usr/local/lib/node_modules/npm/node_modules/fstream/lib/dir-writer.js:36:23',
281 error      '/usr/local/lib/node_modules/npm/node_modules/mkdirp/index.js:37:53',
281 error      'Object.oncomplete (fs.js:107:15)' ] }
282 error Please try running this command again as root/Administrator.
283 error System Darwin 14.3.0
284 error command "node" "/usr/local/bin/npm" "install" "-g" "hexo-cli"
285 error cwd /Users/qizhang/Documents/YiCity
286 error node -v v0.10.26
287 error npm -v 1.4.3
288 error path /usr/local/lib/node_modules/hexo-cli
289 error fstream_path /usr/local/lib/node_modules/hexo-cli
290 error fstream_type Directory
291 error fstream_class DirWriter
292 error code EACCES
293 error errno 3
294 error stack Error: EACCES, mkdir '/usr/local/lib/node_modules/hexo-cli'
295 error fstream_stack /usr/local/lib/node_modules/npm/node_modules/fstream/lib/dir-writer.js:36:23
295 error fstream_stack /usr/local/lib/node_modules/npm/node_modules/mkdirp/index.js:37:53
295 error fstream_stack Object.oncomplete (fs.js:107:15)
296 verbose exit [ 3, true ]
